c:\users\sharjah laptops\onedrive\desktop\3rd semester\discrete structure\discretefinalproject\discrete.39fd4a9f\x64\debug\vc143.pdb
c:\users\sharjah laptops\onedrive\desktop\3rd semester\discrete structure\discretefinalproject\discrete.39fd4a9f\x64\debug\vc143.idb
c:\users\sharjah laptops\onedrive\desktop\3rd semester\discrete structure\discretefinalproject\discrete.39fd4a9f\x64\debug\university.obj
c:\users\sharjah laptops\onedrive\desktop\3rd semester\discrete structure\discretefinalproject\discrete.39fd4a9f\x64\debug\student.obj
c:\users\sharjah laptops\onedrive\desktop\3rd semester\discrete structure\discretefinalproject\discrete.39fd4a9f\x64\debug\room.obj
c:\users\sharjah laptops\onedrive\desktop\3rd semester\discrete structure\discretefinalproject\discrete.39fd4a9f\x64\debug\main.obj
c:\users\sharjah laptops\onedrive\desktop\3rd semester\discrete structure\discretefinalproject\discrete.39fd4a9f\x64\debug\faculty.obj
c:\users\sharjah laptops\onedrive\desktop\3rd semester\discrete structure\discretefinalproject\discrete.39fd4a9f\x64\debug\course.obj
c:\users\sharjah laptops\onedrive\desktop\3rd semester\discrete structure\discretefinalproject\x64\debug\discretefinalproject.pdb
c:\users\sharjah laptops\onedrive\desktop\3rd semester\discrete structure\discretefinalproject\discrete.39fd4a9f\x64\debug\discrete.39fd4a9f.tlog\cl.command.1.tlog
c:\users\sharjah laptops\onedrive\desktop\3rd semester\discrete structure\discretefinalproject\discrete.39fd4a9f\x64\debug\discrete.39fd4a9f.tlog\cl.read.1.tlog
c:\users\sharjah laptops\onedrive\desktop\3rd semester\discrete structure\discretefinalproject\discrete.39fd4a9f\x64\debug\discrete.39fd4a9f.tlog\cl.write.1.tlog
c:\users\sharjah laptops\onedrive\desktop\3rd semester\discrete structure\discretefinalproject\discrete.39fd4a9f\x64\debug\discrete.39fd4a9f.tlog\link-cvtres.read.1.tlog
c:\users\sharjah laptops\onedrive\desktop\3rd semester\discrete structure\discretefinalproject\discrete.39fd4a9f\x64\debug\discrete.39fd4a9f.tlog\link-cvtres.write.1.tlog
c:\users\sharjah laptops\onedrive\desktop\3rd semester\discrete structure\discretefinalproject\discrete.39fd4a9f\x64\debug\discrete.39fd4a9f.tlog\link-rc.read.1.tlog
c:\users\sharjah laptops\onedrive\desktop\3rd semester\discrete structure\discretefinalproject\discrete.39fd4a9f\x64\debug\discrete.39fd4a9f.tlog\link-rc.write.1.tlog
c:\users\sharjah laptops\onedrive\desktop\3rd semester\discrete structure\discretefinalproject\discrete.39fd4a9f\x64\debug\discrete.39fd4a9f.tlog\link.command.1.tlog
c:\users\sharjah laptops\onedrive\desktop\3rd semester\discrete structure\discretefinalproject\discrete.39fd4a9f\x64\debug\discrete.39fd4a9f.tlog\link.read.1.tlog
c:\users\sharjah laptops\onedrive\desktop\3rd semester\discrete structure\discretefinalproject\discrete.39fd4a9f\x64\debug\discrete.39fd4a9f.tlog\link.read.2.tlog
c:\users\sharjah laptops\onedrive\desktop\3rd semester\discrete structure\discretefinalproject\discrete.39fd4a9f\x64\debug\discrete.39fd4a9f.tlog\link.write.1.tlog
